BEGIN: Mon Apr 13 10:57:28 2026
Netgen 1.5.272 compiled on Fri Apr  3 16:58:53 UTC 2026
Warning: netgen command 'format' use fully-qualified name '::netgen::format'
Warning: netgen command 'global' use fully-qualified name '::netgen::global'
Reading netlist file /tmp/tmpw2hdigq5/repo/precheck_results/13_APR_2026___10_21_44/tmp/ext/user_project_wrapper.gds.nowell.spice
Call to undefined subcircuit sky130_fd_pr__pfet_01v8_hvt
Creating placeholder cell definition.
Call to undefined subcircuit sky130_fd_pr__nfet_01v8
Creating placeholder cell definition.
Call to undefined subcircuit sky130_fd_pr__res_generic_po
Creating placeholder cell definition.
Call to undefined subcircuit sky130_fd_pr__special_nfet_01v8
Creating placeholder cell definition.
Reading netlist file /tmp/tmpw2hdigq5/repo/precheck_results/13_APR_2026___10_21_44/tmp/nowell.ext/user_project_wrapper.gds.nowell.spice
Call to undefined subcircuit sky130_fd_pr__pfet_01v8_hvt
Creating placeholder cell definition.
Call to undefined subcircuit sky130_fd_pr__nfet_01v8
Creating placeholder cell definition.
Call to undefined subcircuit sky130_fd_pr__res_generic_po
Creating placeholder cell definition.
Call to undefined subcircuit sky130_fd_pr__special_nfet_01v8
Creating placeholder cell definition.

Reading setup file /opt/pdks/sky130A/libs.tech/netgen/sky130A_setup.tcl

Model sky130_fd_pr__res_generic_po pin 1 == 2
No property value found for device sky130_fd_pr__res_generic_po
No property mult found for device sky130_fd_pr__res_generic_po
Model sky130_fd_pr__res_generic_po pin 1 == 2
No property value found for device sky130_fd_pr__res_generic_po
No property mult found for device sky130_fd_pr__res_generic_po
Model sky130_fd_pr__nfet_01v8 pin 1 == 3
No property mult found for device sky130_fd_pr__nfet_01v8
No property sa found for device sky130_fd_pr__nfet_01v8
No property sb found for device sky130_fd_pr__nfet_01v8
No property sd found for device sky130_fd_pr__nfet_01v8
No property nf found for device sky130_fd_pr__nfet_01v8
No property nrd found for device sky130_fd_pr__nfet_01v8
No property nrs found for device sky130_fd_pr__nfet_01v8
No property area found for device sky130_fd_pr__nfet_01v8
No property perim found for device sky130_fd_pr__nfet_01v8
No property topography found for device sky130_fd_pr__nfet_01v8
Model sky130_fd_pr__nfet_01v8 pin 1 == 3
No property mult found for device sky130_fd_pr__nfet_01v8
No property sa found for device sky130_fd_pr__nfet_01v8
No property sb found for device sky130_fd_pr__nfet_01v8
No property sd found for device sky130_fd_pr__nfet_01v8
No property nf found for device sky130_fd_pr__nfet_01v8
No property nrd found for device sky130_fd_pr__nfet_01v8
No property nrs found for device sky130_fd_pr__nfet_01v8
No property area found for device sky130_fd_pr__nfet_01v8
No property perim found for device sky130_fd_pr__nfet_01v8
No property topography found for device sky130_fd_pr__nfet_01v8
Model sky130_fd_pr__pfet_01v8_hvt pin 1 == 3
No property mult found for device sky130_fd_pr__pfet_01v8_hvt
No property sa found for device sky130_fd_pr__pfet_01v8_hvt
No property sb found for device sky130_fd_pr__pfet_01v8_hvt
No property sd found for device sky130_fd_pr__pfet_01v8_hvt
No property nf found for device sky130_fd_pr__pfet_01v8_hvt
No property nrd found for device sky130_fd_pr__pfet_01v8_hvt
No property nrs found for device sky130_fd_pr__pfet_01v8_hvt
No property area found for device sky130_fd_pr__pfet_01v8_hvt
No property perim found for device sky130_fd_pr__pfet_01v8_hvt
No property topography found for device sky130_fd_pr__pfet_01v8_hvt
Model sky130_fd_pr__pfet_01v8_hvt pin 1 == 3
No property mult found for device sky130_fd_pr__pfet_01v8_hvt
No property sa found for device sky130_fd_pr__pfet_01v8_hvt
No property sb found for device sky130_fd_pr__pfet_01v8_hvt
No property sd found for device sky130_fd_pr__pfet_01v8_hvt
No property nf found for device sky130_fd_pr__pfet_01v8_hvt
No property nrd found for device sky130_fd_pr__pfet_01v8_hvt
No property nrs found for device sky130_fd_pr__pfet_01v8_hvt
No property area found for device sky130_fd_pr__pfet_01v8_hvt
No property perim found for device sky130_fd_pr__pfet_01v8_hvt
No property topography found for device sky130_fd_pr__pfet_01v8_hvt
Model sky130_fd_pr__special_nfet_01v8 pin 1 == 3
No property mult found for device sky130_fd_pr__special_nfet_01v8
No property sa found for device sky130_fd_pr__special_nfet_01v8
No property sb found for device sky130_fd_pr__special_nfet_01v8
No property sd found for device sky130_fd_pr__special_nfet_01v8
No property nf found for device sky130_fd_pr__special_nfet_01v8
No property nrd found for device sky130_fd_pr__special_nfet_01v8
No property nrs found for device sky130_fd_pr__special_nfet_01v8
No property area found for device sky130_fd_pr__special_nfet_01v8
No property perim found for device sky130_fd_pr__special_nfet_01v8
No property topography found for device sky130_fd_pr__special_nfet_01v8
Model sky130_fd_pr__special_nfet_01v8 pin 1 == 3
No property mult found for device sky130_fd_pr__special_nfet_01v8
No property sa found for device sky130_fd_pr__special_nfet_01v8
No property sb found for device sky130_fd_pr__special_nfet_01v8
No property sd found for device sky130_fd_pr__special_nfet_01v8
No property nf found for device sky130_fd_pr__special_nfet_01v8
No property nrd found for device sky130_fd_pr__special_nfet_01v8
No property nrs found for device sky130_fd_pr__special_nfet_01v8
No property area found for device sky130_fd_pr__special_nfet_01v8
No property perim found for device sky130_fd_pr__special_nfet_01v8
No property topography found for device sky130_fd_pr__special_nfet_01v8
Comparison output logged to file /tmp/tmpw2hdigq5/repo/precheck_results/13_APR_2026___10_21_44/tmp/soft.report
Logging to file "/tmp/tmpw2hdigq5/repo/precheck_results/13_APR_2026___10_21_44/tmp/soft.report" enabled
Circuit sky130_fd_pr__pfet_01v8_hvt contains no devices.
Circuit sky130_fd_pr__nfet_01v8 contains no devices.
Circuit sky130_fd_pr__res_generic_po contains no devices.
Circuit sky130_fd_pr__special_nfet_01v8 contains no devices.

Contents of circuit 1:  Circuit: 'EZ_sky130_ef_sc_hd__decap_40_12'
Circuit EZ_sky130_ef_sc_hd__decap_40_12 contains 2 device instances.
  Class: sky130_fd_pr__nfet_01v8 instances:   1
  Class: sky130_fd_pr__pfet_01v8_hvt instances:   1
Circuit contains 2 nets.
Contents of circuit 2:  Circuit: 'EZ_sky130_ef_sc_hd__decap_40_12'
Circuit EZ_sky130_ef_sc_hd__decap_40_12 contains 2 device instances.
  Class: sky130_fd_pr__nfet_01v8 instances:   1
  Class: sky130_fd_pr__pfet_01v8_hvt instances:   1
Circuit contains 2 nets.

Circuit 1 contains 2 devices, Circuit 2 contains 2 devices.
Circuit 1 contains 2 nets,    Circuit 2 contains 2 nets.


Contents of circuit 1:  Circuit: 'EZ_sky130_fd_sc_hd__decap_3'
Circuit EZ_sky130_fd_sc_hd__decap_3 contains 2 device instances.
  Class: sky130_fd_pr__nfet_01v8 instances:   1
  Class: sky130_fd_pr__pfet_01v8_hvt instances:   1
Circuit contains 2 nets.
Contents of circuit 2:  Circuit: 'EZ_sky130_fd_sc_hd__decap_3'
Circuit EZ_sky130_fd_sc_hd__decap_3 contains 2 device instances.
  Class: sky130_fd_pr__nfet_01v8 instances:   1
  Class: sky130_fd_pr__pfet_01v8_hvt instances:   1
Circuit contains 2 nets.

Circuit 1 contains 2 devices, Circuit 2 contains 2 devices.
Circuit 1 contains 2 nets,    Circuit 2 contains 2 nets.


Contents of circuit 1:  Circuit: 'EZ_sky130_fd_sc_hd__mux2_1'
Circuit EZ_sky130_fd_sc_hd__mux2_1 contains 12 device instances.
  Class: sky130_fd_pr__nfet_01v8 instances:   6
  Class: sky130_fd_pr__pfet_01v8_hvt instances:   6
Circuit contains 12 nets.
Contents of circuit 2:  Circuit: 'EZ_sky130_fd_sc_hd__mux2_1'
Circuit EZ_sky130_fd_sc_hd__mux2_1 contains 12 device instances.
  Class: sky130_fd_pr__nfet_01v8 instances:   6
  Class: sky130_fd_pr__pfet_01v8_hvt instances:   6
Circuit contains 12 nets.

Circuit 1 contains 12 devices, Circuit 2 contains 12 devices.
Circuit 1 contains 12 nets,    Circuit 2 contains 12 nets.


Contents of circuit 1:  Circuit: 'EZ_sky130_fd_sc_hd__dlygate4sd3_1'
Circuit EZ_sky130_fd_sc_hd__dlygate4sd3_1 contains 8 device instances.
  Class: sky130_fd_pr__nfet_01v8 instances:   4
  Class: sky130_fd_pr__pfet_01v8_hvt instances:   4
Circuit contains 7 nets.
Contents of circuit 2:  Circuit: 'EZ_sky130_fd_sc_hd__dlygate4sd3_1'
Circuit EZ_sky130_fd_sc_hd__dlygate4sd3_1 contains 8 device instances.
  Class: sky130_fd_pr__nfet_01v8 instances:   4
  Class: sky130_fd_pr__pfet_01v8_hvt instances:   4
Circuit contains 7 nets.

Circuit 1 contains 8 devices, Circuit 2 contains 8 devices.
Circuit 1 contains 7 nets,    Circuit 2 contains 7 nets.


Contents of circuit 1:  Circuit: 'EZ_sky130_fd_sc_hd__o21ai_1'
Circuit EZ_sky130_fd_sc_hd__o21ai_1 contains 6 device instances.
  Class: sky130_fd_pr__nfet_01v8 instances:   3
  Class: sky130_fd_pr__pfet_01v8_hvt instances:   3
Circuit contains 8 nets.
Contents of circuit 2:  Circuit: 'EZ_sky130_fd_sc_hd__o21ai_1'
Circuit EZ_sky130_fd_sc_hd__o21ai_1 contains 6 device instances.
  Class: sky130_fd_pr__nfet_01v8 instances:   3
  Class: sky130_fd_pr__pfet_01v8_hvt instances:   3
Circuit contains 8 nets.

Circuit 1 contains 6 devices, Circuit 2 contains 6 devices.
Circuit 1 contains 8 nets,    Circuit 2 contains 8 nets.


Contents of circuit 1:  Circuit: 'EZ_sky130_fd_sc_hd__nor2_1'
Circuit EZ_sky130_fd_sc_hd__nor2_1 contains 4 device instances.
  Class: sky130_fd_pr__nfet_01v8 instances:   2
  Class: sky130_fd_pr__pfet_01v8_hvt instances:   2
Circuit contains 6 nets.
Contents of circuit 2:  Circuit: 'EZ_sky130_fd_sc_hd__nor2_1'
Circuit EZ_sky130_fd_sc_hd__nor2_1 contains 4 device instances.
  Class: sky130_fd_pr__nfet_01v8 instances:   2
  Class: sky130_fd_pr__pfet_01v8_hvt instances:   2
Circuit contains 6 nets.

Circuit 1 contains 4 devices, Circuit 2 contains 4 devices.
Circuit 1 contains 6 nets,    Circuit 2 contains 6 nets.


Contents of circuit 1:  Circuit: 'EZ_sky130_fd_sc_hd__conb_1'
Circuit EZ_sky130_fd_sc_hd__conb_1 contains 2 device instances.
  Class: sky130_fd_pr__res_generic_po instances:   2
Circuit contains 4 nets.
Contents of circuit 2:  Circuit: 'EZ_sky130_fd_sc_hd__conb_1'
Circuit EZ_sky130_fd_sc_hd__conb_1 contains 2 device instances.
  Class: sky130_fd_pr__res_generic_po instances:   2
Circuit contains 4 nets.

Circuit 1 contains 2 devices, Circuit 2 contains 2 devices.
Circuit 1 contains 4 nets,    Circuit 2 contains 4 nets.


Contents of circuit 1:  Circuit: 'EZ_sky130_fd_sc_hd__buf_12'
Circuit EZ_sky130_fd_sc_hd__buf_12 contains 4 device instances.
  Class: sky130_fd_pr__nfet_01v8 instances:   2
  Class: sky130_fd_pr__pfet_01v8_hvt instances:   2
Circuit contains 5 nets.
Contents of circuit 2:  Circuit: 'EZ_sky130_fd_sc_hd__buf_12'
Circuit EZ_sky130_fd_sc_hd__buf_12 contains 4 device instances.
  Class: sky130_fd_pr__nfet_01v8 instances:   2
  Class: sky130_fd_pr__pfet_01v8_hvt instances:   2
Circuit contains 5 nets.

Circuit 1 contains 4 devices, Circuit 2 contains 4 devices.
Circuit 1 contains 5 nets,    Circuit 2 contains 5 nets.


Contents of circuit 1:  Circuit: 'EZ_sky130_fd_sc_hd__o31ai_1'
Circuit EZ_sky130_fd_sc_hd__o31ai_1 contains 8 device instances.
  Class: sky130_fd_pr__nfet_01v8 instances:   4
  Class: sky130_fd_pr__pfet_01v8_hvt instances:   4
Circuit contains 10 nets.
Contents of circuit 2:  Circuit: 'EZ_sky130_fd_sc_hd__o31ai_1'
Circuit EZ_sky130_fd_sc_hd__o31ai_1 contains 8 device instances.
  Class: sky130_fd_pr__nfet_01v8 instances:   4
  Class: sky130_fd_pr__pfet_01v8_hvt instances:   4
Circuit contains 10 nets.

Circuit 1 contains 8 devices, Circuit 2 contains 8 devices.
Circuit 1 contains 10 nets,    Circuit 2 contains 10 nets.


Contents of circuit 1:  Circuit: 'EZ_sky130_fd_sc_hd__dfxtp_1'
Circuit EZ_sky130_fd_sc_hd__dfxtp_1 contains 24 device instances.
  Class: sky130_fd_pr__nfet_01v8 instances:   8
  Class: sky130_fd_pr__pfet_01v8_hvt instances:  12
  Class: sky130_fd_pr__special_nfet_01v8 instances:   4
Circuit contains 16 nets.
Contents of circuit 2:  Circuit: 'EZ_sky130_fd_sc_hd__dfxtp_1'
Circuit EZ_sky130_fd_sc_hd__dfxtp_1 contains 24 device instances.
  Class: sky130_fd_pr__nfet_01v8 instances:   8
  Class: sky130_fd_pr__pfet_01v8_hvt instances:  12
  Class: sky130_fd_pr__special_nfet_01v8 instances:   4
Circuit contains 16 nets.

Circuit 1 contains 24 devices, Circuit 2 contains 24 devices.
Circuit 1 contains 16 nets,    Circuit 2 contains 16 nets.


Contents of circuit 1:  Circuit: 'EZ_sky130_fd_sc_hd__and2_1'
Circuit EZ_sky130_fd_sc_hd__and2_1 contains 6 device instances.
  Class: sky130_fd_pr__nfet_01v8 instances:   3
  Class: sky130_fd_pr__pfet_01v8_hvt instances:   3
Circuit contains 7 nets.
Contents of circuit 2:  Circuit: 'EZ_sky130_fd_sc_hd__and2_1'
Circuit EZ_sky130_fd_sc_hd__and2_1 contains 6 device instances.
  Class: sky130_fd_pr__nfet_01v8 instances:   3
  Class: sky130_fd_pr__pfet_01v8_hvt instances:   3
Circuit contains 7 nets.

Circuit 1 contains 6 devices, Circuit 2 contains 6 devices.
Circuit 1 contains 7 nets,    Circuit 2 contains 7 nets.


Contents of circuit 1:  Circuit: 'EZ_sky130_fd_sc_hd__buf_4'
Circuit EZ_sky130_fd_sc_hd__buf_4 contains 4 device instances.
  Class: sky130_fd_pr__nfet_01v8 instances:   2
  Class: sky130_fd_pr__pfet_01v8_hvt instances:   2
Circuit contains 5 nets.
Contents of circuit 2:  Circuit: 'EZ_sky130_fd_sc_hd__buf_4'
Circuit EZ_sky130_fd_sc_hd__buf_4 contains 4 device instances.
  Class: sky130_fd_pr__nfet_01v8 instances:   2
  Class: sky130_fd_pr__pfet_01v8_hvt instances:   2
Circuit contains 5 nets.

Circuit 1 contains 4 devices, Circuit 2 contains 4 devices.
Circuit 1 contains 5 nets,    Circuit 2 contains 5 nets.


Contents of circuit 1:  Circuit: 'EZ_sky130_fd_sc_hd__a32o_1'
Circuit EZ_sky130_fd_sc_hd__a32o_1 contains 12 device instances.
  Class: sky130_fd_pr__nfet_01v8 instances:   6
  Class: sky130_fd_pr__pfet_01v8_hvt instances:   6
Circuit contains 13 nets.
Contents of circuit 2:  Circuit: 'EZ_sky130_fd_sc_hd__a32o_1'
Circuit EZ_sky130_fd_sc_hd__a32o_1 contains 12 device instances.
  Class: sky130_fd_pr__nfet_01v8 instances:   6
  Class: sky130_fd_pr__pfet_01v8_hvt instances:   6
Circuit contains 13 nets.

Circuit 1 contains 12 devices, Circuit 2 contains 12 devices.
Circuit 1 contains 13 nets,    Circuit 2 contains 13 nets.


Contents of circuit 1:  Circuit: 'EZ_sky130_fd_sc_hd__a221o_1'
Circuit EZ_sky130_fd_sc_hd__a221o_1 contains 12 device instances.
  Class: sky130_fd_pr__nfet_01v8 instances:   6
  Class: sky130_fd_pr__pfet_01v8_hvt instances:   6
Circuit contains 13 nets.
Contents of circuit 2:  Circuit: 'EZ_sky130_fd_sc_hd__a221o_1'
Circuit EZ_sky130_fd_sc_hd__a221o_1 contains 12 device instances.
  Class: sky130_fd_pr__nfet_01v8 instances:   6
  Class: sky130_fd_pr__pfet_01v8_hvt instances:   6
Circuit contains 13 nets.

Circuit 1 contains 12 devices, Circuit 2 contains 12 devices.
Circuit 1 contains 13 nets,    Circuit 2 contains 13 nets.


Contents of circuit 1:  Circuit: 'EZ_sky130_fd_sc_hd__xor2_1'
Circuit EZ_sky130_fd_sc_hd__xor2_1 contains 10 device instances.
  Class: sky130_fd_pr__nfet_01v8 instances:   5
  Class: sky130_fd_pr__pfet_01v8_hvt instances:   5
Circuit contains 9 nets.
Contents of circuit 2:  Circuit: 'EZ_sky130_fd_sc_hd__xor2_1'
Circuit EZ_sky130_fd_sc_hd__xor2_1 contains 10 device instances.
  Class: sky130_fd_pr__nfet_01v8 instances:   5
  Class: sky130_fd_pr__pfet_01v8_hvt instances:   5
Circuit contains 9 nets.

Circuit 1 contains 10 devices, Circuit 2 contains 10 devices.
Circuit 1 contains 9 nets,    Circuit 2 contains 9 nets.


Contents of circuit 1:  Circuit: 'EZ_sky130_fd_sc_hd__buf_1'
Circuit EZ_sky130_fd_sc_hd__buf_1 contains 4 device instances.
  Class: sky130_fd_pr__nfet_01v8 instances:   2
  Class: sky130_fd_pr__pfet_01v8_hvt instances:   2
Circuit contains 5 nets.
Contents of circuit 2:  Circuit: 'EZ_sky130_fd_sc_hd__buf_1'
Circuit EZ_sky130_fd_sc_hd__buf_1 contains 4 device instances.
  Class: sky130_fd_pr__nfet_01v8 instances:   2
  Class: sky130_fd_pr__pfet_01v8_hvt instances:   2
Circuit contains 5 nets.

Circuit 1 contains 4 devices, Circuit 2 contains 4 devices.
Circuit 1 contains 5 nets,    Circuit 2 contains 5 nets.


Contents of circuit 1:  Circuit: 'EZ_sky130_fd_sc_hd__and3b_1'
Circuit EZ_sky130_fd_sc_hd__and3b_1 contains 10 device instances.
  Class: sky130_fd_pr__nfet_01v8 instances:   5
  Class: sky130_fd_pr__pfet_01v8_hvt instances:   5
Circuit contains 10 nets.
Contents of circuit 2:  Circuit: 'EZ_sky130_fd_sc_hd__and3b_1'
Circuit EZ_sky130_fd_sc_hd__and3b_1 contains 10 device instances.
  Class: sky130_fd_pr__nfet_01v8 instances:   5
  Class: sky130_fd_pr__pfet_01v8_hvt instances:   5
Circuit contains 10 nets.

Circuit 1 contains 10 devices, Circuit 2 contains 10 devices.
Circuit 1 contains 10 nets,    Circuit 2 contains 10 nets.


Contents of circuit 1:  Circuit: 'EZ_sky130_fd_sc_hd__and3b_4'
Circuit EZ_sky130_fd_sc_hd__and3b_4 contains 10 device instances.
  Class: sky130_fd_pr__nfet_01v8 instances:   5
  Class: sky130_fd_pr__pfet_01v8_hvt instances:   5
Circuit contains 10 nets.
Contents of circuit 2:  Circuit: 'EZ_sky130_fd_sc_hd__and3b_4'
Circuit EZ_sky130_fd_sc_hd__and3b_4 contains 10 device instances.
  Class: sky130_fd_pr__nfet_01v8 instances:   5
  Class: sky130_fd_pr__pfet_01v8_hvt instances:   5
Circuit contains 10 nets.

Circuit 1 contains 10 devices, Circuit 2 contains 10 devices.
Circuit 1 contains 10 nets,    Circuit 2 contains 10 nets.


Contents of circuit 1:  Circuit: 'EZ_sky130_fd_sc_hd__and3_1'
Circuit EZ_sky130_fd_sc_hd__and3_1 contains 8 device instances.
  Class: sky130_fd_pr__nfet_01v8 instances:   4
  Class: sky130_fd_pr__pfet_01v8_hvt instances:   4
Circuit contains 9 nets.
Contents of circuit 2:  Circuit: 'EZ_sky130_fd_sc_hd__and3_1'
Circuit EZ_sky130_fd_sc_hd__and3_1 contains 8 device instances.
  Class: sky130_fd_pr__nfet_01v8 instances:   4
  Class: sky130_fd_pr__pfet_01v8_hvt instances:   4
Circuit contains 9 nets.

Circuit 1 contains 8 devices, Circuit 2 contains 8 devices.
Circuit 1 contains 9 nets,    Circuit 2 contains 9 nets.


Contents of circuit 1:  Circuit: 'EZ_sky130_fd_sc_hd__dfxtp_4'
Circuit EZ_sky130_fd_sc_hd__dfxtp_4 contains 24 device instances.
  Class: sky130_fd_pr__nfet_01v8 instances:   8
  Class: sky130_fd_pr__pfet_01v8_hvt instances:  12
  Class: sky130_fd_pr__special_nfet_01v8 instances:   4
Circuit contains 16 nets.
Contents of circuit 2:  Circuit: 'EZ_sky130_fd_sc_hd__dfxtp_4'
Circuit EZ_sky130_fd_sc_hd__dfxtp_4 contains 24 device instances.
  Class: sky130_fd_pr__nfet_01v8 instances:   8
  Class: sky130_fd_pr__pfet_01v8_hvt instances:  12
  Class: sky130_fd_pr__special_nfet_01v8 instances:   4
Circuit contains 16 nets.

Circuit 1 contains 24 devices, Circuit 2 contains 24 devices.
Circuit 1 contains 16 nets,    Circuit 2 contains 16 nets.


Contents of circuit 1:  Circuit: 'EZ_sky130_fd_sc_hd__a21boi_1'
Circuit EZ_sky130_fd_sc_hd__a21boi_1 contains 8 device instances.
  Class: sky130_fd_pr__nfet_01v8 instances:   4
  Class: sky130_fd_pr__pfet_01v8_hvt instances:   4
Circuit contains 9 nets.
Contents of circuit 2:  Circuit: 'EZ_sky130_fd_sc_hd__a21boi_1'
Circuit EZ_sky130_fd_sc_hd__a21boi_1 contains 8 device instances.
  Class: sky130_fd_pr__nfet_01v8 instances:   4
  Class: sky130_fd_pr__pfet_01v8_hvt instances:   4
Circuit contains 9 nets.

Circuit 1 contains 8 devices, Circuit 2 contains 8 devices.
Circuit 1 contains 9 nets,    Circuit 2 contains 9 nets.


Contents of circuit 1:  Circuit: 'EZ_sky130_fd_sc_hd__a31o_1'
Circuit EZ_sky130_fd_sc_hd__a31o_1 contains 10 device instances.
  Class: sky130_fd_pr__nfet_01v8 instances:   5
  Class: sky130_fd_pr__pfet_01v8_hvt instances:   5
Circuit contains 11 nets.
Contents of circuit 2:  Circuit: 'EZ_sky130_fd_sc_hd__a31o_1'
Circuit EZ_sky130_fd_sc_hd__a31o_1 contains 10 device instances.
  Class: sky130_fd_pr__nfet_01v8 instances:   5
  Class: sky130_fd_pr__pfet_01v8_hvt instances:   5
Circuit contains 11 nets.

Circuit 1 contains 10 devices, Circuit 2 contains 10 devices.
Circuit 1 contains 11 nets,    Circuit 2 contains 11 nets.


Contents of circuit 1:  Circuit: 'EZ_sky130_fd_sc_hd__clkbuf_8'
Circuit EZ_sky130_fd_sc_hd__clkbuf_8 contains 4 device instances.
  Class: sky130_fd_pr__nfet_01v8 instances:   2
  Class: sky130_fd_pr__pfet_01v8_hvt instances:   2
Circuit contains 5 nets.
Contents of circuit 2:  Circuit: 'EZ_sky130_fd_sc_hd__clkbuf_8'
Circuit EZ_sky130_fd_sc_hd__clkbuf_8 contains 4 device instances.
  Class: sky130_fd_pr__nfet_01v8 instances:   2
  Class: sky130_fd_pr__pfet_01v8_hvt instances:   2
Circuit contains 5 nets.

Circuit 1 contains 4 devices, Circuit 2 contains 4 devices.
Circuit 1 contains 5 nets,    Circuit 2 contains 5 nets.


Contents of circuit 1:  Circuit: 'EZ_sky130_fd_sc_hd__a21oi_1'
Circuit EZ_sky130_fd_sc_hd__a21oi_1 contains 6 device instances.
  Class: sky130_fd_pr__nfet_01v8 instances:   3
  Class: sky130_fd_pr__pfet_01v8_hvt instances:   3
Circuit contains 8 nets.
Contents of circuit 2:  Circuit: 'EZ_sky130_fd_sc_hd__a21oi_1'
Circuit EZ_sky130_fd_sc_hd__a21oi_1 contains 6 device instances.
  Class: sky130_fd_pr__nfet_01v8 instances:   3
  Class: sky130_fd_pr__pfet_01v8_hvt instances:   3
Circuit contains 8 nets.

Circuit 1 contains 6 devices, Circuit 2 contains 6 devices.
Circuit 1 contains 8 nets,    Circuit 2 contains 8 nets.


Contents of circuit 1:  Circuit: 'EZ_sky130_fd_sc_hd__a31o_4'
Circuit EZ_sky130_fd_sc_hd__a31o_4 contains 13 device instances.
  Class: sky130_fd_pr__nfet_01v8 instances:   8
  Class: sky130_fd_pr__pfet_01v8_hvt instances:   5
Circuit contains 13 nets.
Contents of circuit 2:  Circuit: 'EZ_sky130_fd_sc_hd__a31o_4'
Circuit EZ_sky130_fd_sc_hd__a31o_4 contains 13 device instances.
  Class: sky130_fd_pr__nfet_01v8 instances:   8
  Class: sky130_fd_pr__pfet_01v8_hvt instances:   5
Circuit contains 13 nets.

Circuit 1 contains 13 devices, Circuit 2 contains 13 devices.
Circuit 1 contains 13 nets,    Circuit 2 contains 13 nets.


Contents of circuit 1:  Circuit: 'EZ_sky130_fd_sc_hd__clkbuf_4'
Circuit EZ_sky130_fd_sc_hd__clkbuf_4 contains 4 device instances.
  Class: sky130_fd_pr__nfet_01v8 instances:   2
  Class: sky130_fd_pr__pfet_01v8_hvt instances:   2
Circuit contains 5 nets.
Contents of circuit 2:  Circuit: 'EZ_sky130_fd_sc_hd__clkbuf_4'
Circuit EZ_sky130_fd_sc_hd__clkbuf_4 contains 4 device instances.
  Class: sky130_fd_pr__nfet_01v8 instances:   2
  Class: sky130_fd_pr__pfet_01v8_hvt instances:   2
Circuit contains 5 nets.

Circuit 1 contains 4 devices, Circuit 2 contains 4 devices.
Circuit 1 contains 5 nets,    Circuit 2 contains 5 nets.


Contents of circuit 1:  Circuit: 'EZ_sky130_fd_sc_hd__dfxtp_2'
Circuit EZ_sky130_fd_sc_hd__dfxtp_2 contains 24 device instances.
  Class: sky130_fd_pr__nfet_01v8 instances:   8
  Class: sky130_fd_pr__pfet_01v8_hvt instances:  12
  Class: sky130_fd_pr__special_nfet_01v8 instances:   4
Circuit contains 16 nets.
Contents of circuit 2:  Circuit: 'EZ_sky130_fd_sc_hd__dfxtp_2'
Circuit EZ_sky130_fd_sc_hd__dfxtp_2 contains 24 device instances.
  Class: sky130_fd_pr__nfet_01v8 instances:   8
  Class: sky130_fd_pr__pfet_01v8_hvt instances:  12
  Class: sky130_fd_pr__special_nfet_01v8 instances:   4
Circuit contains 16 nets.

Circuit 1 contains 24 devices, Circuit 2 contains 24 devices.
Circuit 1 contains 16 nets,    Circuit 2 contains 16 nets.


Contents of circuit 1:  Circuit: 'EZ_sky130_fd_sc_hd__a21bo_1'
Circuit EZ_sky130_fd_sc_hd__a21bo_1 contains 10 device instances.
  Class: sky130_fd_pr__nfet_01v8 instances:   5
  Class: sky130_fd_pr__pfet_01v8_hvt instances:   5
Circuit contains 10 nets.
Contents of circuit 2:  Circuit: 'EZ_sky130_fd_sc_hd__a21bo_1'
Circuit EZ_sky130_fd_sc_hd__a21bo_1 contains 10 device instances.
  Class: sky130_fd_pr__nfet_01v8 instances:   5
  Class: sky130_fd_pr__pfet_01v8_hvt instances:   5
Circuit contains 10 nets.

Circuit 1 contains 10 devices, Circuit 2 contains 10 devices.
Circuit 1 contains 10 nets,    Circuit 2 contains 10 nets.


Contents of circuit 1:  Circuit: 'EZ_sky130_fd_sc_hd__a41o_4'
Circuit EZ_sky130_fd_sc_hd__a41o_4 contains 12 device instances.
  Class: sky130_fd_pr__nfet_01v8 instances:   6
  Class: sky130_fd_pr__pfet_01v8_hvt instances:   6
Circuit contains 13 nets.
Contents of circuit 2:  Circuit: 'EZ_sky130_fd_sc_hd__a41o_4'
Circuit EZ_sky130_fd_sc_hd__a41o_4 contains 12 device instances.
  Class: sky130_fd_pr__nfet_01v8 instances:   6
  Class: sky130_fd_pr__pfet_01v8_hvt instances:   6
Circuit contains 13 nets.

Circuit 1 contains 12 devices, Circuit 2 contains 12 devices.
Circuit 1 contains 13 nets,    Circuit 2 contains 13 nets.


Contents of circuit 1:  Circuit: 'EZ_sky130_fd_sc_hd__o2bb2a_1'
Circuit EZ_sky130_fd_sc_hd__o2bb2a_1 contains 12 device instances.
  Class: sky130_fd_pr__nfet_01v8 instances:   6
  Class: sky130_fd_pr__pfet_01v8_hvt instances:   6
Circuit contains 12 nets.
Contents of circuit 2:  Circuit: 'EZ_sky130_fd_sc_hd__o2bb2a_1'
Circuit EZ_sky130_fd_sc_hd__o2bb2a_1 contains 12 device instances.
  Class: sky130_fd_pr__nfet_01v8 instances:   6
  Class: sky130_fd_pr__pfet_01v8_hvt instances:   6
Circuit contains 12 nets.

Circuit 1 contains 12 devices, Circuit 2 contains 12 devices.
Circuit 1 contains 12 nets,    Circuit 2 contains 12 nets.


Contents of circuit 1:  Circuit: 'EZ_sky130_fd_sc_hd__a211o_1'
Circuit EZ_sky130_fd_sc_hd__a211o_1 contains 10 device instances.
  Class: sky130_fd_pr__nfet_01v8 instances:   5
  Class: sky130_fd_pr__pfet_01v8_hvt instances:   5
Circuit contains 11 nets.
Contents of circuit 2:  Circuit: 'EZ_sky130_fd_sc_hd__a211o_1'
Circuit EZ_sky130_fd_sc_hd__a211o_1 contains 10 device instances.
  Class: sky130_fd_pr__nfet_01v8 instances:   5
  Class: sky130_fd_pr__pfet_01v8_hvt instances:   5
Circuit contains 11 nets.

Circuit 1 contains 10 devices, Circuit 2 contains 10 devices.
Circuit 1 contains 11 nets,    Circuit 2 contains 11 nets.


Contents of circuit 1:  Circuit: 'EZ_sky130_fd_sc_hd__or3b_4'
Circuit EZ_sky130_fd_sc_hd__or3b_4 contains 10 device instances.
  Class: sky130_fd_pr__nfet_01v8 instances:   5
  Class: sky130_fd_pr__pfet_01v8_hvt instances:   5
Circuit contains 10 nets.
Contents of circuit 2:  Circuit: 'EZ_sky130_fd_sc_hd__or3b_4'
Circuit EZ_sky130_fd_sc_hd__or3b_4 contains 10 device instances.
  Class: sky130_fd_pr__nfet_01v8 instances:   5
  Class: sky130_fd_pr__pfet_01v8_hvt instances:   5
Circuit contains 10 nets.

Circuit 1 contains 10 devices, Circuit 2 contains 10 devices.
Circuit 1 contains 10 nets,    Circuit 2 contains 10 nets.


Contents of circuit 1:  Circuit: 'EZ_sky130_fd_sc_hd__a41oi_4'
Circuit EZ_sky130_fd_sc_hd__a41oi_4 contains 10 device instances.
  Class: sky130_fd_pr__nfet_01v8 instances:   5
  Class: sky130_fd_pr__pfet_01v8_hvt instances:   5
Circuit contains 12 nets.
Contents of circuit 2:  Circuit: 'EZ_sky130_fd_sc_hd__a41oi_4'
Circuit EZ_sky130_fd_sc_hd__a41oi_4 contains 10 device instances.
  Class: sky130_fd_pr__nfet_01v8 instances:   5
  Class: sky130_fd_pr__pfet_01v8_hvt instances:   5
Circuit contains 12 nets.

Circuit 1 contains 10 devices, Circuit 2 contains 10 devices.
Circuit 1 contains 12 nets,    Circuit 2 contains 12 nets.


Contents of circuit 1:  Circuit: 'EZ_sky130_fd_sc_hd__a22o_1'
Circuit EZ_sky130_fd_sc_hd__a22o_1 contains 10 device instances.
  Class: sky130_fd_pr__nfet_01v8 instances:   5
  Class: sky130_fd_pr__pfet_01v8_hvt instances:   5
Circuit contains 11 nets.
Contents of circuit 2:  Circuit: 'EZ_sky130_fd_sc_hd__a22o_1'
Circuit EZ_sky130_fd_sc_hd__a22o_1 contains 10 device instances.
  Class: sky130_fd_pr__nfet_01v8 instances:   5
  Class: sky130_fd_pr__pfet_01v8_hvt instances:   5
Circuit contains 11 nets.

Circuit 1 contains 10 devices, Circuit 2 contains 10 devices.
Circuit 1 contains 11 nets,    Circuit 2 contains 11 nets.


Contents of circuit 1:  Circuit: 'EZ_sky130_fd_sc_hd__and2_2'
Circuit EZ_sky130_fd_sc_hd__and2_2 contains 6 device instances.
  Class: sky130_fd_pr__nfet_01v8 instances:   3
  Class: sky130_fd_pr__pfet_01v8_hvt instances:   3
Circuit contains 7 nets.
Contents of circuit 2:  Circuit: 'EZ_sky130_fd_sc_hd__and2_2'
Circuit EZ_sky130_fd_sc_hd__and2_2 contains 6 device instances.
  Class: sky130_fd_pr__nfet_01v8 instances:   3
  Class: sky130_fd_pr__pfet_01v8_hvt instances:   3
Circuit contains 7 nets.

Circuit 1 contains 6 devices, Circuit 2 contains 6 devices.
Circuit 1 contains 7 nets,    Circuit 2 contains 7 nets.


Contents of circuit 1:  Circuit: 'EZ_sky130_fd_sc_hd__clkbuf_16'
Circuit EZ_sky130_fd_sc_hd__clkbuf_16 contains 4 device instances.
  Class: sky130_fd_pr__nfet_01v8 instances:   2
  Class: sky130_fd_pr__pfet_01v8_hvt instances:   2
Circuit contains 5 nets.
Contents of circuit 2:  Circuit: 'EZ_sky130_fd_sc_hd__clkbuf_16'
Circuit EZ_sky130_fd_sc_hd__clkbuf_16 contains 4 device instances.
  Class: sky130_fd_pr__nfet_01v8 instances:   2
  Class: sky130_fd_pr__pfet_01v8_hvt instances:   2
Circuit contains 5 nets.

Circuit 1 contains 4 devices, Circuit 2 contains 4 devices.
Circuit 1 contains 5 nets,    Circuit 2 contains 5 nets.


Contents of circuit 1:  Circuit: 'EZ_sky130_fd_sc_hd__clkbuf_2'
Circuit EZ_sky130_fd_sc_hd__clkbuf_2 contains 4 device instances.
  Class: sky130_fd_pr__nfet_01v8 instances:   2
  Class: sky130_fd_pr__pfet_01v8_hvt instances:   2
Circuit contains 5 nets.
Contents of circuit 2:  Circuit: 'EZ_sky130_fd_sc_hd__clkbuf_2'
Circuit EZ_sky130_fd_sc_hd__clkbuf_2 contains 4 device instances.
  Class: sky130_fd_pr__nfet_01v8 instances:   2
  Class: sky130_fd_pr__pfet_01v8_hvt instances:   2
Circuit contains 5 nets.

Circuit 1 contains 4 devices, Circuit 2 contains 4 devices.
Circuit 1 contains 5 nets,    Circuit 2 contains 5 nets.


Contents of circuit 1:  Circuit: 'EZ_sky130_fd_sc_hd__or2_2'
Circuit EZ_sky130_fd_sc_hd__or2_2 contains 6 device instances.
  Class: sky130_fd_pr__nfet_01v8 instances:   3
  Class: sky130_fd_pr__pfet_01v8_hvt instances:   3
Circuit contains 7 nets.
Contents of circuit 2:  Circuit: 'EZ_sky130_fd_sc_hd__or2_2'
Circuit EZ_sky130_fd_sc_hd__or2_2 contains 6 device instances.
  Class: sky130_fd_pr__nfet_01v8 instances:   3
  Class: sky130_fd_pr__pfet_01v8_hvt instances:   3
Circuit contains 7 nets.

Circuit 1 contains 6 devices, Circuit 2 contains 6 devices.
Circuit 1 contains 7 nets,    Circuit 2 contains 7 nets.


Contents of circuit 1:  Circuit: 'EZ_sky130_fd_sc_hd__nand4_2'
Circuit EZ_sky130_fd_sc_hd__nand4_2 contains 8 device instances.
  Class: sky130_fd_pr__nfet_01v8 instances:   4
  Class: sky130_fd_pr__pfet_01v8_hvt instances:   4
Circuit contains 10 nets.
Contents of circuit 2:  Circuit: 'EZ_sky130_fd_sc_hd__nand4_2'
Circuit EZ_sky130_fd_sc_hd__nand4_2 contains 8 device instances.
  Class: sky130_fd_pr__nfet_01v8 instances:   4
  Class: sky130_fd_pr__pfet_01v8_hvt instances:   4
Circuit contains 10 nets.

Circuit 1 contains 8 devices, Circuit 2 contains 8 devices.
Circuit 1 contains 10 nets,    Circuit 2 contains 10 nets.


Contents of circuit 1:  Circuit: 'EZ_sky130_fd_sc_hd__and4_1'
Circuit EZ_sky130_fd_sc_hd__and4_1 contains 10 device instances.
  Class: sky130_fd_pr__nfet_01v8 instances:   5
  Class: sky130_fd_pr__pfet_01v8_hvt instances:   5
Circuit contains 11 nets.
Contents of circuit 2:  Circuit: 'EZ_sky130_fd_sc_hd__and4_1'
Circuit EZ_sky130_fd_sc_hd__and4_1 contains 10 device instances.
  Class: sky130_fd_pr__nfet_01v8 instances:   5
  Class: sky130_fd_pr__pfet_01v8_hvt instances:   5
Circuit contains 11 nets.

Circuit 1 contains 10 devices, Circuit 2 contains 10 devices.
Circuit 1 contains 11 nets,    Circuit 2 contains 11 nets.


Contents of circuit 1:  Circuit: 'EZ_sky130_fd_sc_hd__inv_2'
Circuit EZ_sky130_fd_sc_hd__inv_2 contains 2 device instances.
  Class: sky130_fd_pr__nfet_01v8 instances:   1
  Class: sky130_fd_pr__pfet_01v8_hvt instances:   1
Circuit contains 4 nets.
Contents of circuit 2:  Circuit: 'EZ_sky130_fd_sc_hd__inv_2'
Circuit EZ_sky130_fd_sc_hd__inv_2 contains 2 device instances.
  Class: sky130_fd_pr__nfet_01v8 instances:   1
  Class: sky130_fd_pr__pfet_01v8_hvt instances:   1
Circuit contains 4 nets.

Circuit 1 contains 2 devices, Circuit 2 contains 2 devices.
Circuit 1 contains 4 nets,    Circuit 2 contains 4 nets.


Contents of circuit 1:  Circuit: 'EZ_sky130_fd_sc_hd__nand2b_1'
Circuit EZ_sky130_fd_sc_hd__nand2b_1 contains 6 device instances.
  Class: sky130_fd_pr__nfet_01v8 instances:   3
  Class: sky130_fd_pr__pfet_01v8_hvt instances:   3
Circuit contains 7 nets.
Contents of circuit 2:  Circuit: 'EZ_sky130_fd_sc_hd__nand2b_1'
Circuit EZ_sky130_fd_sc_hd__nand2b_1 contains 6 device instances.
  Class: sky130_fd_pr__nfet_01v8 instances:   3
  Class: sky130_fd_pr__pfet_01v8_hvt instances:   3
Circuit contains 7 nets.

Circuit 1 contains 6 devices, Circuit 2 contains 6 devices.
Circuit 1 contains 7 nets,    Circuit 2 contains 7 nets.


Contents of circuit 1:  Circuit: 'EZ_sky130_fd_sc_hd__or3_4'
Circuit EZ_sky130_fd_sc_hd__or3_4 contains 8 device instances.
  Class: sky130_fd_pr__nfet_01v8 instances:   4
  Class: sky130_fd_pr__pfet_01v8_hvt instances:   4
Circuit contains 9 nets.
Contents of circuit 2:  Circuit: 'EZ_sky130_fd_sc_hd__or3_4'
Circuit EZ_sky130_fd_sc_hd__or3_4 contains 8 device instances.
  Class: sky130_fd_pr__nfet_01v8 instances:   4
  Class: sky130_fd_pr__pfet_01v8_hvt instances:   4
Circuit contains 9 nets.

Circuit 1 contains 8 devices, Circuit 2 contains 8 devices.
Circuit 1 contains 9 nets,    Circuit 2 contains 9 nets.


Contents of circuit 1:  Circuit: 'EZ_sky130_fd_sc_hd__or2_1'
Circuit EZ_sky130_fd_sc_hd__or2_1 contains 6 device instances.
  Class: sky130_fd_pr__nfet_01v8 instances:   3
  Class: sky130_fd_pr__pfet_01v8_hvt instances:   3
Circuit contains 7 nets.
Contents of circuit 2:  Circuit: 'EZ_sky130_fd_sc_hd__or2_1'
Circuit EZ_sky130_fd_sc_hd__or2_1 contains 6 device instances.
  Class: sky130_fd_pr__nfet_01v8 instances:   3
  Class: sky130_fd_pr__pfet_01v8_hvt instances:   3
Circuit contains 7 nets.

Circuit 1 contains 6 devices, Circuit 2 contains 6 devices.
Circuit 1 contains 7 nets,    Circuit 2 contains 7 nets.


Contents of circuit 1:  Circuit: 'EZ_sky130_fd_sc_hd__a21oi_4'
Circuit EZ_sky130_fd_sc_hd__a21oi_4 contains 6 device instances.
  Class: sky130_fd_pr__nfet_01v8 instances:   3
  Class: sky130_fd_pr__pfet_01v8_hvt instances:   3
Circuit contains 8 nets.
Contents of circuit 2:  Circuit: 'EZ_sky130_fd_sc_hd__a21oi_4'
Circuit EZ_sky130_fd_sc_hd__a21oi_4 contains 6 device instances.
  Class: sky130_fd_pr__nfet_01v8 instances:   3
  Class: sky130_fd_pr__pfet_01v8_hvt instances:   3
Circuit contains 8 nets.

Circuit 1 contains 6 devices, Circuit 2 contains 6 devices.
Circuit 1 contains 8 nets,    Circuit 2 contains 8 nets.


Contents of circuit 1:  Circuit: 'EZ_sky130_fd_sc_hd__nand2_1'
Circuit EZ_sky130_fd_sc_hd__nand2_1 contains 4 device instances.
  Class: sky130_fd_pr__nfet_01v8 instances:   2
  Class: sky130_fd_pr__pfet_01v8_hvt instances:   2
Circuit contains 6 nets.
Contents of circuit 2:  Circuit: 'EZ_sky130_fd_sc_hd__nand2_1'
Circuit EZ_sky130_fd_sc_hd__nand2_1 contains 4 device instances.
  Class: sky130_fd_pr__nfet_01v8 instances:   2
  Class: sky130_fd_pr__pfet_01v8_hvt instances:   2
Circuit contains 6 nets.

Circuit 1 contains 4 devices, Circuit 2 contains 4 devices.
Circuit 1 contains 6 nets,    Circuit 2 contains 6 nets.


Contents of circuit 1:  Circuit: 'EZ_sky130_fd_sc_hd__a32o_4'
Circuit EZ_sky130_fd_sc_hd__a32o_4 contains 12 device instances.
  Class: sky130_fd_pr__nfet_01v8 instances:   6
  Class: sky130_fd_pr__pfet_01v8_hvt instances:   6
Circuit contains 13 nets.
Contents of circuit 2:  Circuit: 'EZ_sky130_fd_sc_hd__a32o_4'
Circuit EZ_sky130_fd_sc_hd__a32o_4 contains 12 device instances.
  Class: sky130_fd_pr__nfet_01v8 instances:   6
  Class: sky130_fd_pr__pfet_01v8_hvt instances:   6
Circuit contains 13 nets.

Circuit 1 contains 12 devices, Circuit 2 contains 12 devices.
Circuit 1 contains 13 nets,    Circuit 2 contains 13 nets.


Contents of circuit 1:  Circuit: 'EZ_sky130_fd_sc_hd__a21o_1'
Circuit EZ_sky130_fd_sc_hd__a21o_1 contains 8 device instances.
  Class: sky130_fd_pr__nfet_01v8 instances:   4
  Class: sky130_fd_pr__pfet_01v8_hvt instances:   4
Circuit contains 9 nets.
Contents of circuit 2:  Circuit: 'EZ_sky130_fd_sc_hd__a21o_1'
Circuit EZ_sky130_fd_sc_hd__a21o_1 contains 8 device instances.
  Class: sky130_fd_pr__nfet_01v8 instances:   4
  Class: sky130_fd_pr__pfet_01v8_hvt instances:   4
Circuit contains 9 nets.

Circuit 1 contains 8 devices, Circuit 2 contains 8 devices.
Circuit 1 contains 9 nets,    Circuit 2 contains 9 nets.


Contents of circuit 1:  Circuit: 'EZ_sky130_fd_sc_hd__a31o_2'
Circuit EZ_sky130_fd_sc_hd__a31o_2 contains 10 device instances.
  Class: sky130_fd_pr__nfet_01v8 instances:   5
  Class: sky130_fd_pr__pfet_01v8_hvt instances:   5
Circuit contains 11 nets.
Contents of circuit 2:  Circuit: 'EZ_sky130_fd_sc_hd__a31o_2'
Circuit EZ_sky130_fd_sc_hd__a31o_2 contains 10 device instances.
  Class: sky130_fd_pr__nfet_01v8 instances:   5
  Class: sky130_fd_pr__pfet_01v8_hvt instances:   5
Circuit contains 11 nets.

Circuit 1 contains 10 devices, Circuit 2 contains 10 devices.
Circuit 1 contains 11 nets,    Circuit 2 contains 11 nets.


Contents of circuit 1:  Circuit: 'EZ_sky130_fd_sc_hd__and4_2'
Circuit EZ_sky130_fd_sc_hd__and4_2 contains 10 device instances.
  Class: sky130_fd_pr__nfet_01v8 instances:   5
  Class: sky130_fd_pr__pfet_01v8_hvt instances:   5
Circuit contains 11 nets.
Contents of circuit 2:  Circuit: 'EZ_sky130_fd_sc_hd__and4_2'
Circuit EZ_sky130_fd_sc_hd__and4_2 contains 10 device instances.
  Class: sky130_fd_pr__nfet_01v8 instances:   5
  Class: sky130_fd_pr__pfet_01v8_hvt instances:   5
Circuit contains 11 nets.

Circuit 1 contains 10 devices, Circuit 2 contains 10 devices.
Circuit 1 contains 11 nets,    Circuit 2 contains 11 nets.


Contents of circuit 1:  Circuit: 'EZ_sky130_fd_sc_hd__xnor2_1'
Circuit EZ_sky130_fd_sc_hd__xnor2_1 contains 10 device instances.
  Class: sky130_fd_pr__nfet_01v8 instances:   5
  Class: sky130_fd_pr__pfet_01v8_hvt instances:   5
Circuit contains 9 nets.
Contents of circuit 2:  Circuit: 'EZ_sky130_fd_sc_hd__xnor2_1'
Circuit EZ_sky130_fd_sc_hd__xnor2_1 contains 10 device instances.
  Class: sky130_fd_pr__nfet_01v8 instances:   5
  Class: sky130_fd_pr__pfet_01v8_hvt instances:   5
Circuit contains 9 nets.

Circuit 1 contains 10 devices, Circuit 2 contains 10 devices.
Circuit 1 contains 9 nets,    Circuit 2 contains 9 nets.


Contents of circuit 1:  Circuit: 'EZ_sky130_fd_sc_hd__nand2_2'
Circuit EZ_sky130_fd_sc_hd__nand2_2 contains 4 device instances.
  Class: sky130_fd_pr__nfet_01v8 instances:   2
  Class: sky130_fd_pr__pfet_01v8_hvt instances:   2
Circuit contains 6 nets.
Contents of circuit 2:  Circuit: 'EZ_sky130_fd_sc_hd__nand2_2'
Circuit EZ_sky130_fd_sc_hd__nand2_2 contains 4 device instances.
  Class: sky130_fd_pr__nfet_01v8 instances:   2
  Class: sky130_fd_pr__pfet_01v8_hvt instances:   2
Circuit contains 6 nets.

Circuit 1 contains 4 devices, Circuit 2 contains 4 devices.
Circuit 1 contains 6 nets,    Circuit 2 contains 6 nets.


Contents of circuit 1:  Circuit: 'EZ_sky130_fd_sc_hd__clkbuf_1'
Circuit EZ_sky130_fd_sc_hd__clkbuf_1 contains 4 device instances.
  Class: sky130_fd_pr__nfet_01v8 instances:   2
  Class: sky130_fd_pr__pfet_01v8_hvt instances:   2
Circuit contains 5 nets.
Contents of circuit 2:  Circuit: 'EZ_sky130_fd_sc_hd__clkbuf_1'
Circuit EZ_sky130_fd_sc_hd__clkbuf_1 contains 4 device instances.
  Class: sky130_fd_pr__nfet_01v8 instances:   2
  Class: sky130_fd_pr__pfet_01v8_hvt instances:   2
Circuit contains 5 nets.

Circuit 1 contains 4 devices, Circuit 2 contains 4 devices.
Circuit 1 contains 5 nets,    Circuit 2 contains 5 nets.


Contents of circuit 1:  Circuit: 'EZ_sky130_fd_sc_hd__o32a_1'
Circuit EZ_sky130_fd_sc_hd__o32a_1 contains 12 device instances.
  Class: sky130_fd_pr__nfet_01v8 instances:   6
  Class: sky130_fd_pr__pfet_01v8_hvt instances:   6
Circuit contains 13 nets.
Contents of circuit 2:  Circuit: 'EZ_sky130_fd_sc_hd__o32a_1'
Circuit EZ_sky130_fd_sc_hd__o32a_1 contains 12 device instances.
  Class: sky130_fd_pr__nfet_01v8 instances:   6
  Class: sky130_fd_pr__pfet_01v8_hvt instances:   6
Circuit contains 13 nets.

Circuit 1 contains 12 devices, Circuit 2 contains 12 devices.
Circuit 1 contains 13 nets,    Circuit 2 contains 13 nets.


Contents of circuit 1:  Circuit: 'EZ_sky130_fd_sc_hd__buf_2'
Circuit EZ_sky130_fd_sc_hd__buf_2 contains 4 device instances.
  Class: sky130_fd_pr__nfet_01v8 instances:   2
  Class: sky130_fd_pr__pfet_01v8_hvt instances:   2
Circuit contains 5 nets.
Contents of circuit 2:  Circuit: 'EZ_sky130_fd_sc_hd__buf_2'
Circuit EZ_sky130_fd_sc_hd__buf_2 contains 4 device instances.
  Class: sky130_fd_pr__nfet_01v8 instances:   2
  Class: sky130_fd_pr__pfet_01v8_hvt instances:   2
Circuit contains 5 nets.

Circuit 1 contains 4 devices, Circuit 2 contains 4 devices.
Circuit 1 contains 5 nets,    Circuit 2 contains 5 nets.


Contents of circuit 1:  Circuit: 'EZ_sky130_fd_sc_hd__and4_4'
Circuit EZ_sky130_fd_sc_hd__and4_4 contains 10 device instances.
  Class: sky130_fd_pr__nfet_01v8 instances:   5
  Class: sky130_fd_pr__pfet_01v8_hvt instances:   5
Circuit contains 11 nets.
Contents of circuit 2:  Circuit: 'EZ_sky130_fd_sc_hd__and4_4'
Circuit EZ_sky130_fd_sc_hd__and4_4 contains 10 device instances.
  Class: sky130_fd_pr__nfet_01v8 instances:   5
  Class: sky130_fd_pr__pfet_01v8_hvt instances:   5
Circuit contains 11 nets.

Circuit 1 contains 10 devices, Circuit 2 contains 10 devices.
Circuit 1 contains 11 nets,    Circuit 2 contains 11 nets.


Contents of circuit 1:  Circuit: 'EZ_sky130_fd_sc_hd__o21a_1'
Circuit EZ_sky130_fd_sc_hd__o21a_1 contains 8 device instances.
  Class: sky130_fd_pr__nfet_01v8 instances:   4
  Class: sky130_fd_pr__pfet_01v8_hvt instances:   4
Circuit contains 9 nets.
Contents of circuit 2:  Circuit: 'EZ_sky130_fd_sc_hd__o21a_1'
Circuit EZ_sky130_fd_sc_hd__o21a_1 contains 8 device instances.
  Class: sky130_fd_pr__nfet_01v8 instances:   4
  Class: sky130_fd_pr__pfet_01v8_hvt instances:   4
Circuit contains 9 nets.

Circuit 1 contains 8 devices, Circuit 2 contains 8 devices.
Circuit 1 contains 9 nets,    Circuit 2 contains 9 nets.


Contents of circuit 1:  Circuit: 'EZ_sky130_fd_sc_hd__buf_8'
Circuit EZ_sky130_fd_sc_hd__buf_8 contains 4 device instances.
  Class: sky130_fd_pr__nfet_01v8 instances:   2
  Class: sky130_fd_pr__pfet_01v8_hvt instances:   2
Circuit contains 5 nets.
Contents of circuit 2:  Circuit: 'EZ_sky130_fd_sc_hd__buf_8'
Circuit EZ_sky130_fd_sc_hd__buf_8 contains 4 device instances.
  Class: sky130_fd_pr__nfet_01v8 instances:   2
  Class: sky130_fd_pr__pfet_01v8_hvt instances:   2
Circuit contains 5 nets.

Circuit 1 contains 4 devices, Circuit 2 contains 4 devices.
Circuit 1 contains 5 nets,    Circuit 2 contains 5 nets.


Contents of circuit 1:  Circuit: 'EZ_sky130_fd_sc_hd__buf_6'
Circuit EZ_sky130_fd_sc_hd__buf_6 contains 4 device instances.
  Class: sky130_fd_pr__nfet_01v8 instances:   2
  Class: sky130_fd_pr__pfet_01v8_hvt instances:   2
Circuit contains 5 nets.
Contents of circuit 2:  Circuit: 'EZ_sky130_fd_sc_hd__buf_6'
Circuit EZ_sky130_fd_sc_hd__buf_6 contains 4 device instances.
  Class: sky130_fd_pr__nfet_01v8 instances:   2
  Class: sky130_fd_pr__pfet_01v8_hvt instances:   2
Circuit contains 5 nets.

Circuit 1 contains 4 devices, Circuit 2 contains 4 devices.
Circuit 1 contains 5 nets,    Circuit 2 contains 5 nets.


Contents of circuit 1:  Circuit: 'EZ_sky130_fd_sc_hd__a41o_1'
Circuit EZ_sky130_fd_sc_hd__a41o_1 contains 12 device instances.
  Class: sky130_fd_pr__nfet_01v8 instances:   6
  Class: sky130_fd_pr__pfet_01v8_hvt instances:   6
Circuit contains 13 nets.
Contents of circuit 2:  Circuit: 'EZ_sky130_fd_sc_hd__a41o_1'
Circuit EZ_sky130_fd_sc_hd__a41o_1 contains 12 device instances.
  Class: sky130_fd_pr__nfet_01v8 instances:   6
  Class: sky130_fd_pr__pfet_01v8_hvt instances:   6
Circuit contains 13 nets.

Circuit 1 contains 12 devices, Circuit 2 contains 12 devices.
Circuit 1 contains 13 nets,    Circuit 2 contains 13 nets.


Contents of circuit 1:  Circuit: 'EZ_sky130_fd_sc_hd__nand2_8'
Circuit EZ_sky130_fd_sc_hd__nand2_8 contains 4 device instances.
  Class: sky130_fd_pr__nfet_01v8 instances:   2
  Class: sky130_fd_pr__pfet_01v8_hvt instances:   2
Circuit contains 6 nets.
Contents of circuit 2:  Circuit: 'EZ_sky130_fd_sc_hd__nand2_8'
Circuit EZ_sky130_fd_sc_hd__nand2_8 contains 4 device instances.
  Class: sky130_fd_pr__nfet_01v8 instances:   2
  Class: sky130_fd_pr__pfet_01v8_hvt instances:   2
Circuit contains 6 nets.

Circuit 1 contains 4 devices, Circuit 2 contains 4 devices.
Circuit 1 contains 6 nets,    Circuit 2 contains 6 nets.


Contents of circuit 1:  Circuit: 'EZ_sky130_fd_sc_hd__and2_4'
Circuit EZ_sky130_fd_sc_hd__and2_4 contains 6 device instances.
  Class: sky130_fd_pr__nfet_01v8 instances:   3
  Class: sky130_fd_pr__pfet_01v8_hvt instances:   3
Circuit contains 7 nets.
Contents of circuit 2:  Circuit: 'EZ_sky130_fd_sc_hd__and2_4'
Circuit EZ_sky130_fd_sc_hd__and2_4 contains 6 device instances.
  Class: sky130_fd_pr__nfet_01v8 instances:   3
  Class: sky130_fd_pr__pfet_01v8_hvt instances:   3
Circuit contains 7 nets.

Circuit 1 contains 6 devices, Circuit 2 contains 6 devices.
Circuit 1 contains 7 nets,    Circuit 2 contains 7 nets.


Contents of circuit 1:  Circuit: 'EZ_sky130_fd_sc_hd__nand3b_4'
Circuit EZ_sky130_fd_sc_hd__nand3b_4 contains 8 device instances.
  Class: sky130_fd_pr__nfet_01v8 instances:   4
  Class: sky130_fd_pr__pfet_01v8_hvt instances:   4
Circuit contains 9 nets.
Contents of circuit 2:  Circuit: 'EZ_sky130_fd_sc_hd__nand3b_4'
Circuit EZ_sky130_fd_sc_hd__nand3b_4 contains 8 device instances.
  Class: sky130_fd_pr__nfet_01v8 instances:   4
  Class: sky130_fd_pr__pfet_01v8_hvt instances:   4
Circuit contains 9 nets.

Circuit 1 contains 8 devices, Circuit 2 contains 8 devices.
Circuit 1 contains 9 nets,    Circuit 2 contains 9 nets.


Contents of circuit 1:  Circuit: 'EZ_sky130_fd_sc_hd__nor2_2'
Circuit EZ_sky130_fd_sc_hd__nor2_2 contains 4 device instances.
  Class: sky130_fd_pr__nfet_01v8 instances:   2
  Class: sky130_fd_pr__pfet_01v8_hvt instances:   2
Circuit contains 6 nets.
Contents of circuit 2:  Circuit: 'EZ_sky130_fd_sc_hd__nor2_2'
Circuit EZ_sky130_fd_sc_hd__nor2_2 contains 4 device instances.
  Class: sky130_fd_pr__nfet_01v8 instances:   2
  Class: sky130_fd_pr__pfet_01v8_hvt instances:   2
Circuit contains 6 nets.

Circuit 1 contains 4 devices, Circuit 2 contains 4 devices.
Circuit 1 contains 6 nets,    Circuit 2 contains 6 nets.


Contents of circuit 1:  Circuit: 'EZ_sky130_fd_sc_hd__and2b_1'
Circuit EZ_sky130_fd_sc_hd__and2b_1 contains 8 device instances.
  Class: sky130_fd_pr__nfet_01v8 instances:   4
  Class: sky130_fd_pr__pfet_01v8_hvt instances:   4
Circuit contains 8 nets.
Contents of circuit 2:  Circuit: 'EZ_sky130_fd_sc_hd__and2b_1'
Circuit EZ_sky130_fd_sc_hd__and2b_1 contains 8 device instances.
  Class: sky130_fd_pr__nfet_01v8 instances:   4
  Class: sky130_fd_pr__pfet_01v8_hvt instances:   4
Circuit contains 8 nets.

Circuit 1 contains 8 devices, Circuit 2 contains 8 devices.
Circuit 1 contains 8 nets,    Circuit 2 contains 8 nets.


Contents of circuit 1:  Circuit: 'EZ_sky130_fd_sc_hd__xnor2_2'
Circuit EZ_sky130_fd_sc_hd__xnor2_2 contains 10 device instances.
  Class: sky130_fd_pr__nfet_01v8 instances:   5
  Class: sky130_fd_pr__pfet_01v8_hvt instances:   5
Circuit contains 9 nets.
Contents of circuit 2:  Circuit: 'EZ_sky130_fd_sc_hd__xnor2_2'
Circuit EZ_sky130_fd_sc_hd__xnor2_2 contains 10 device instances.
  Class: sky130_fd_pr__nfet_01v8 instances:   5
  Class: sky130_fd_pr__pfet_01v8_hvt instances:   5
Circuit contains 9 nets.

Circuit 1 contains 10 devices, Circuit 2 contains 10 devices.
Circuit 1 contains 9 nets,    Circuit 2 contains 9 nets.


Contents of circuit 1:  Circuit: 'EZ_sky130_fd_sc_hd__nor2_8'
Circuit EZ_sky130_fd_sc_hd__nor2_8 contains 4 device instances.
  Class: sky130_fd_pr__nfet_01v8 instances:   2
  Class: sky130_fd_pr__pfet_01v8_hvt instances:   2
Circuit contains 6 nets.
Contents of circuit 2:  Circuit: 'EZ_sky130_fd_sc_hd__nor2_8'
Circuit EZ_sky130_fd_sc_hd__nor2_8 contains 4 device instances.
  Class: sky130_fd_pr__nfet_01v8 instances:   2
  Class: sky130_fd_pr__pfet_01v8_hvt instances:   2
Circuit contains 6 nets.

Circuit 1 contains 4 devices, Circuit 2 contains 4 devices.
Circuit 1 contains 6 nets,    Circuit 2 contains 6 nets.


Contents of circuit 1:  Circuit: 'EZ_sky130_fd_sc_hd__o211ai_4'
Circuit EZ_sky130_fd_sc_hd__o211ai_4 contains 12 device instances.
  Class: sky130_fd_pr__nfet_01v8 instances:   8
  Class: sky130_fd_pr__pfet_01v8_hvt instances:   4
Circuit contains 12 nets.
Contents of circuit 2:  Circuit: 'EZ_sky130_fd_sc_hd__o211ai_4'
Circuit EZ_sky130_fd_sc_hd__o211ai_4 contains 12 device instances.
  Class: sky130_fd_pr__nfet_01v8 instances:   8
  Class: sky130_fd_pr__pfet_01v8_hvt instances:   4
Circuit contains 12 nets.

Circuit 1 contains 12 devices, Circuit 2 contains 12 devices.
Circuit 1 contains 12 nets,    Circuit 2 contains 12 nets.


Contents of circuit 1:  Circuit: 'EZ_sky130_fd_sc_hd__o211a_1'
Circuit EZ_sky130_fd_sc_hd__o211a_1 contains 10 device instances.
  Class: sky130_fd_pr__nfet_01v8 instances:   5
  Class: sky130_fd_pr__pfet_01v8_hvt instances:   5
Circuit contains 11 nets.
Contents of circuit 2:  Circuit: 'EZ_sky130_fd_sc_hd__o211a_1'
Circuit EZ_sky130_fd_sc_hd__o211a_1 contains 10 device instances.
  Class: sky130_fd_pr__nfet_01v8 instances:   5
  Class: sky130_fd_pr__pfet_01v8_hvt instances:   5
Circuit contains 11 nets.

Circuit 1 contains 10 devices, Circuit 2 contains 10 devices.
Circuit 1 contains 11 nets,    Circuit 2 contains 11 nets.


Contents of circuit 1:  Circuit: 'EZ_sky130_fd_sc_hd__or3b_2'
Circuit EZ_sky130_fd_sc_hd__or3b_2 contains 10 device instances.
  Class: sky130_fd_pr__nfet_01v8 instances:   5
  Class: sky130_fd_pr__pfet_01v8_hvt instances:   5
Circuit contains 10 nets.
Contents of circuit 2:  Circuit: 'EZ_sky130_fd_sc_hd__or3b_2'
Circuit EZ_sky130_fd_sc_hd__or3b_2 contains 10 device instances.
  Class: sky130_fd_pr__nfet_01v8 instances:   5
  Class: sky130_fd_pr__pfet_01v8_hvt instances:   5
Circuit contains 10 nets.

Circuit 1 contains 10 devices, Circuit 2 contains 10 devices.
Circuit 1 contains 10 nets,    Circuit 2 contains 10 nets.


Contents of circuit 1:  Circuit: 'EZ_sky130_fd_sc_hd__o31a_1'
Circuit EZ_sky130_fd_sc_hd__o31a_1 contains 10 device instances.
  Class: sky130_fd_pr__nfet_01v8 instances:   5
  Class: sky130_fd_pr__pfet_01v8_hvt instances:   5
Circuit contains 11 nets.
Contents of circuit 2:  Circuit: 'EZ_sky130_fd_sc_hd__o31a_1'
Circuit EZ_sky130_fd_sc_hd__o31a_1 contains 10 device instances.
  Class: sky130_fd_pr__nfet_01v8 instances:   5
  Class: sky130_fd_pr__pfet_01v8_hvt instances:   5
Circuit contains 11 nets.

Circuit 1 contains 10 devices, Circuit 2 contains 10 devices.
Circuit 1 contains 11 nets,    Circuit 2 contains 11 nets.


Contents of circuit 1:  Circuit: 'EZ_sky130_fd_sc_hd__nor2_4'
Circuit EZ_sky130_fd_sc_hd__nor2_4 contains 4 device instances.
  Class: sky130_fd_pr__nfet_01v8 instances:   2
  Class: sky130_fd_pr__pfet_01v8_hvt instances:   2
Circuit contains 6 nets.
Contents of circuit 2:  Circuit: 'EZ_sky130_fd_sc_hd__nor2_4'
Circuit EZ_sky130_fd_sc_hd__nor2_4 contains 4 device instances.
  Class: sky130_fd_pr__nfet_01v8 instances:   2
  Class: sky130_fd_pr__pfet_01v8_hvt instances:   2
Circuit contains 6 nets.

Circuit 1 contains 4 devices, Circuit 2 contains 4 devices.
Circuit 1 contains 6 nets,    Circuit 2 contains 6 nets.


Contents of circuit 1:  Circuit: 'EZ_sky130_fd_sc_hd__and2b_2'
Circuit EZ_sky130_fd_sc_hd__and2b_2 contains 8 device instances.
  Class: sky130_fd_pr__nfet_01v8 instances:   4
  Class: sky130_fd_pr__pfet_01v8_hvt instances:   4
Circuit contains 8 nets.
Contents of circuit 2:  Circuit: 'EZ_sky130_fd_sc_hd__and2b_2'
Circuit EZ_sky130_fd_sc_hd__and2b_2 contains 8 device instances.
  Class: sky130_fd_pr__nfet_01v8 instances:   4
  Class: sky130_fd_pr__pfet_01v8_hvt instances:   4
Circuit contains 8 nets.

Circuit 1 contains 8 devices, Circuit 2 contains 8 devices.
Circuit 1 contains 8 nets,    Circuit 2 contains 8 nets.


Contents of circuit 1:  Circuit: 'EZ_sky130_fd_sc_hd__a31oi_1'
Circuit EZ_sky130_fd_sc_hd__a31oi_1 contains 8 device instances.
  Class: sky130_fd_pr__nfet_01v8 instances:   4
  Class: sky130_fd_pr__pfet_01v8_hvt instances:   4
Circuit contains 10 nets.
Contents of circuit 2:  Circuit: 'EZ_sky130_fd_sc_hd__a31oi_1'
Circuit EZ_sky130_fd_sc_hd__a31oi_1 contains 8 device instances.
  Class: sky130_fd_pr__nfet_01v8 instances:   4
  Class: sky130_fd_pr__pfet_01v8_hvt instances:   4
Circuit contains 10 nets.

Circuit 1 contains 8 devices, Circuit 2 contains 8 devices.
Circuit 1 contains 10 nets,    Circuit 2 contains 10 nets.


Contents of circuit 1:  Circuit: 'user_proj_example'
Circuit user_proj_example contains 277480 device instances.
  Class: EZ_sky130_fd_sc_hd__and3_1 instances:   6
  Class: EZ_sky130_fd_sc_hd__and2b_1 instances:   2
  Class: EZ_sky130_fd_sc_hd__and2b_2 instances:   1
  Class: EZ_sky130_fd_sc_hd__a21bo_1 instances:   1
  Class: EZ_sky130_fd_sc_hd__and2_1 instances:   3
  Class: EZ_sky130_fd_sc_hd__and2_2 instances:   2
  Class: EZ_sky130_fd_sc_hd__and2_4 instances:   2
  Class: EZ_sky130_fd_sc_hd__decap_3 instances: 1278
  Class: EZ_sky130_fd_sc_hd__clkbuf_1 instances:  14
  Class: EZ_sky130_fd_sc_hd__clkbuf_2 instances:   1
  Class: EZ_sky130_fd_sc_hd__clkbuf_4 instances:  17
  Class: EZ_sky130_fd_sc_hd__clkbuf_8 instances:   9
  Class: EZ_sky130_fd_sc_hd__nand2_1 instances:   5
  Class: EZ_sky130_fd_sc_hd__nand2_2 instances:   1
  Class: EZ_sky130_fd_sc_hd__nand2_8 instances:   2
  Class: EZ_sky130_fd_sc_hd__conb_1 instances: 131
  Class: EZ_sky130_fd_sc_hd__buf_12 instances:  81
  Class: EZ_sky130_fd_sc_hd__a21boi_1 instances:   1
  Class: EZ_sky130_fd_sc_hd__o211ai_4 instances:   1
  Class: EZ_sky130_ef_sc_hd__decap_40_12 instances: 275484
  Class: EZ_sky130_fd_sc_hd__a32o_1 instances:   3
  Class: EZ_sky130_fd_sc_hd__a32o_4 instances:   1
  Class: EZ_sky130_fd_sc_hd__a22o_1 instances:   7
  Class: EZ_sky130_fd_sc_hd__xnor2_1 instances:   3
  Class: EZ_sky130_fd_sc_hd__xnor2_2 instances:   1
  Class: EZ_sky130_fd_sc_hd__buf_1 instances:  35
  Class: EZ_sky130_fd_sc_hd__buf_2 instances:   2
  Class: EZ_sky130_fd_sc_hd__buf_4 instances:  18
  Class: EZ_sky130_fd_sc_hd__buf_6 instances:   3
  Class: EZ_sky130_fd_sc_hd__buf_8 instances:   2
  Class: EZ_sky130_fd_sc_hd__o211a_1 instances:   1
  Class: EZ_sky130_fd_sc_hd__mux2_1 instances:  17
  Class: EZ_sky130_fd_sc_hd__a221o_1 instances:   1
  Class: EZ_sky130_fd_sc_hd__nand3b_4 instances:   1
  Class: EZ_sky130_fd_sc_hd__a211o_1 instances:   8
  Class: EZ_sky130_fd_sc_hd__nor2_1 instances:   5
  Class: EZ_sky130_fd_sc_hd__nor2_2 instances:   1
  Class: EZ_sky130_fd_sc_hd__nor2_4 instances:   1
  Class: EZ_sky130_fd_sc_hd__inv_2 instances:   7
  Class: EZ_sky130_fd_sc_hd__nor2_8 instances:   1
  Class: EZ_sky130_fd_sc_hd__a41o_1 instances:   1
  Class: EZ_sky130_fd_sc_hd__a41o_4 instances:   1
  Class: EZ_sky130_fd_sc_hd__a31o_1 instances:   5
  Class: EZ_sky130_fd_sc_hd__a31o_2 instances:   1
  Class: EZ_sky130_fd_sc_hd__o32a_1 instances:   1
  Class: EZ_sky130_fd_sc_hd__a31o_4 instances:   1
  Class: EZ_sky130_fd_sc_hd__a21o_1 instances:   2
  Class: EZ_sky130_fd_sc_hd__or3_4 instances:   1
  Class: EZ_sky130_fd_sc_hd__a41oi_4 instances:   1
  Class: EZ_sky130_fd_sc_hd__dlygate4sd3_1 instances: 218
  Class: EZ_sky130_fd_sc_hd__o21ai_1 instances:   1
  Class: EZ_sky130_fd_sc_hd__a21oi_1 instances:  11
  Class: EZ_sky130_fd_sc_hd__a21oi_4 instances:   2
  Class: EZ_sky130_fd_sc_hd__xor2_1 instances:   3
  Class: EZ_sky130_fd_sc_hd__nand2b_1 instances:   3
  Class: EZ_sky130_fd_sc_hd__or3b_2 instances:   1
  Class: EZ_sky130_fd_sc_hd__or3b_4 instances:   7
  Class: EZ_sky130_fd_sc_hd__and4_1 instances:   3
  Class: EZ_sky130_fd_sc_hd__clkbuf_16 instances:   5
  Class: EZ_sky130_fd_sc_hd__and4_2 instances:   3
  Class: EZ_sky130_fd_sc_hd__and4_4 instances:   1
  Class: EZ_sky130_fd_sc_hd__o31a_1 instances:   1
  Class: EZ_sky130_fd_sc_hd__o21a_1 instances:   2
  Class: EZ_sky130_fd_sc_hd__o2bb2a_1 instances:   3
  Class: EZ_sky130_fd_sc_hd__or2_1 instances:   2
  Class: EZ_sky130_fd_sc_hd__or2_2 instances:   1
  Class: EZ_sky130_fd_sc_hd__dfxtp_1 instances:  13
  Class: EZ_sky130_fd_sc_hd__dfxtp_2 instances:   5
  Class: EZ_sky130_fd_sc_hd__dfxtp_4 instances:  15
  Class: EZ_sky130_fd_sc_hd__o31ai_1 instances:   1
  Class: EZ_sky130_fd_sc_hd__a31oi_1 instances:   1
  Class: EZ_sky130_fd_sc_hd__nand4_2 instances:   1
  Class: EZ_sky130_fd_sc_hd__and3b_1 instances:   1
  Class: EZ_sky130_fd_sc_hd__and3b_4 instances:   2
Circuit contains 910 nets.
Contents of circuit 2:  Circuit: 'user_proj_example'
Circuit user_proj_example contains 277480 device instances.
  Class: EZ_sky130_fd_sc_hd__and3_1 instances:   6
  Class: EZ_sky130_fd_sc_hd__and2b_1 instances:   2
  Class: EZ_sky130_fd_sc_hd__and2b_2 instances:   1
  Class: EZ_sky130_fd_sc_hd__a21bo_1 instances:   1
  Class: EZ_sky130_fd_sc_hd__and2_1 instances:   3
  Class: EZ_sky130_fd_sc_hd__and2_2 instances:   2
  Class: EZ_sky130_fd_sc_hd__and2_4 instances:   2
  Class: EZ_sky130_fd_sc_hd__decap_3 instances: 1278
  Class: EZ_sky130_fd_sc_hd__clkbuf_1 instances:  14
  Class: EZ_sky130_fd_sc_hd__clkbuf_2 instances:   1
  Class: EZ_sky130_fd_sc_hd__clkbuf_4 instances:  17
  Class: EZ_sky130_fd_sc_hd__clkbuf_8 instances:   9
  Class: EZ_sky130_fd_sc_hd__nand2_1 instances:   5
  Class: EZ_sky130_fd_sc_hd__nand2_2 instances:   1
  Class: EZ_sky130_fd_sc_hd__nand2_8 instances:   2
  Class: EZ_sky130_fd_sc_hd__conb_1 instances: 131
  Class: EZ_sky130_fd_sc_hd__buf_12 instances:  81
  Class: EZ_sky130_fd_sc_hd__a21boi_1 instances:   1
  Class: EZ_sky130_fd_sc_hd__o211ai_4 instances:   1
  Class: EZ_sky130_ef_sc_hd__decap_40_12 instances: 275484
  Class: EZ_sky130_fd_sc_hd__a32o_1 instances:   3
  Class: EZ_sky130_fd_sc_hd__a32o_4 instances:   1
  Class: EZ_sky130_fd_sc_hd__a22o_1 instances:   7
  Class: EZ_sky130_fd_sc_hd__xnor2_1 instances:   3
  Class: EZ_sky130_fd_sc_hd__xnor2_2 instances:   1
  Class: EZ_sky130_fd_sc_hd__buf_1 instances:  35
  Class: EZ_sky130_fd_sc_hd__buf_2 instances:   2
  Class: EZ_sky130_fd_sc_hd__buf_4 instances:  18
  Class: EZ_sky130_fd_sc_hd__buf_6 instances:   3
  Class: EZ_sky130_fd_sc_hd__buf_8 instances:   2
  Class: EZ_sky130_fd_sc_hd__o211a_1 instances:   1
  Class: EZ_sky130_fd_sc_hd__mux2_1 instances:  17
  Class: EZ_sky130_fd_sc_hd__a221o_1 instances:   1
  Class: EZ_sky130_fd_sc_hd__nand3b_4 instances:   1
  Class: EZ_sky130_fd_sc_hd__a211o_1 instances:   8
  Class: EZ_sky130_fd_sc_hd__nor2_1 instances:   5
  Class: EZ_sky130_fd_sc_hd__nor2_2 instances:   1
  Class: EZ_sky130_fd_sc_hd__nor2_4 instances:   1
  Class: EZ_sky130_fd_sc_hd__inv_2 instances:   7
  Class: EZ_sky130_fd_sc_hd__nor2_8 instances:   1
  Class: EZ_sky130_fd_sc_hd__a41o_1 instances:   1
  Class: EZ_sky130_fd_sc_hd__a41o_4 instances:   1
  Class: EZ_sky130_fd_sc_hd__a31o_1 instances:   5
  Class: EZ_sky130_fd_sc_hd__a31o_2 instances:   1
  Class: EZ_sky130_fd_sc_hd__o32a_1 instances:   1
  Class: EZ_sky130_fd_sc_hd__a31o_4 instances:   1
  Class: EZ_sky130_fd_sc_hd__a21o_1 instances:   2
  Class: EZ_sky130_fd_sc_hd__or3_4 instances:   1
  Class: EZ_sky130_fd_sc_hd__a41oi_4 instances:   1
  Class: EZ_sky130_fd_sc_hd__dlygate4sd3_1 instances: 218
  Class: EZ_sky130_fd_sc_hd__o21ai_1 instances:   1
  Class: EZ_sky130_fd_sc_hd__a21oi_1 instances:  11
  Class: EZ_sky130_fd_sc_hd__a21oi_4 instances:   2
  Class: EZ_sky130_fd_sc_hd__xor2_1 instances:   3
  Class: EZ_sky130_fd_sc_hd__nand2b_1 instances:   3
  Class: EZ_sky130_fd_sc_hd__or3b_2 instances:   1
  Class: EZ_sky130_fd_sc_hd__or3b_4 instances:   7
  Class: EZ_sky130_fd_sc_hd__and4_1 instances:   3
  Class: EZ_sky130_fd_sc_hd__clkbuf_16 instances:   5
  Class: EZ_sky130_fd_sc_hd__and4_2 instances:   3
  Class: EZ_sky130_fd_sc_hd__and4_4 instances:   1
  Class: EZ_sky130_fd_sc_hd__o31a_1 instances:   1
  Class: EZ_sky130_fd_sc_hd__o21a_1 instances:   2
  Class: EZ_sky130_fd_sc_hd__o2bb2a_1 instances:   3
  Class: EZ_sky130_fd_sc_hd__or2_1 instances:   2
  Class: EZ_sky130_fd_sc_hd__or2_2 instances:   1
  Class: EZ_sky130_fd_sc_hd__dfxtp_1 instances:  13
  Class: EZ_sky130_fd_sc_hd__dfxtp_2 instances:   5
  Class: EZ_sky130_fd_sc_hd__dfxtp_4 instances:  15
  Class: EZ_sky130_fd_sc_hd__o31ai_1 instances:   1
  Class: EZ_sky130_fd_sc_hd__a31oi_1 instances:   1
  Class: EZ_sky130_fd_sc_hd__nand4_2 instances:   1
  Class: EZ_sky130_fd_sc_hd__and3b_1 instances:   1
  Class: EZ_sky130_fd_sc_hd__and3b_4 instances:   2
Circuit contains 910 nets.

Circuit was modified by parallel/series device merging.
New circuit summary:

Contents of circuit 1:  Circuit: 'user_proj_example'
Circuit user_proj_example contains 720 device instances.
  Class: EZ_sky130_fd_sc_hd__and3_1 instances:   6
  Class: EZ_sky130_fd_sc_hd__and2b_1 instances:   2
  Class: EZ_sky130_fd_sc_hd__and2b_2 instances:   1
  Class: EZ_sky130_fd_sc_hd__a21bo_1 instances:   1
  Class: EZ_sky130_fd_sc_hd__and2_1 instances:   3
  Class: EZ_sky130_fd_sc_hd__and2_2 instances:   2
  Class: EZ_sky130_fd_sc_hd__and2_4 instances:   2
  Class: EZ_sky130_fd_sc_hd__decap_3 instances:   1
  Class: EZ_sky130_fd_sc_hd__clkbuf_1 instances:  14
  Class: EZ_sky130_fd_sc_hd__clkbuf_2 instances:   1
  Class: EZ_sky130_fd_sc_hd__clkbuf_4 instances:  17
  Class: EZ_sky130_fd_sc_hd__clkbuf_8 instances:   9
  Class: EZ_sky130_fd_sc_hd__nand2_1 instances:   5
  Class: EZ_sky130_fd_sc_hd__nand2_2 instances:   1
  Class: EZ_sky130_fd_sc_hd__nand2_8 instances:   2
  Class: EZ_sky130_fd_sc_hd__conb_1 instances: 131
  Class: EZ_sky130_fd_sc_hd__buf_12 instances:  81
  Class: EZ_sky130_fd_sc_hd__a21boi_1 instances:   1
  Class: EZ_sky130_fd_sc_hd__o211ai_4 instances:   1
  Class: EZ_sky130_ef_sc_hd__decap_40_12 instances:   1
  Class: EZ_sky130_fd_sc_hd__a32o_1 instances:   3
  Class: EZ_sky130_fd_sc_hd__a32o_4 instances:   1
  Class: EZ_sky130_fd_sc_hd__a22o_1 instances:   7
  Class: EZ_sky130_fd_sc_hd__xnor2_1 instances:   3
  Class: EZ_sky130_fd_sc_hd__xnor2_2 instances:   1
  Class: EZ_sky130_fd_sc_hd__buf_1 instances:  35
  Class: EZ_sky130_fd_sc_hd__buf_2 instances:   2
  Class: EZ_sky130_fd_sc_hd__buf_4 instances:  18
  Class: EZ_sky130_fd_sc_hd__buf_6 instances:   3
  Class: EZ_sky130_fd_sc_hd__buf_8 instances:   2
  Class: EZ_sky130_fd_sc_hd__o211a_1 instances:   1
  Class: EZ_sky130_fd_sc_hd__mux2_1 instances:  17
  Class: EZ_sky130_fd_sc_hd__a221o_1 instances:   1
  Class: EZ_sky130_fd_sc_hd__nand3b_4 instances:   1
  Class: EZ_sky130_fd_sc_hd__a211o_1 instances:   8
  Class: EZ_sky130_fd_sc_hd__nor2_1 instances:   5
  Class: EZ_sky130_fd_sc_hd__nor2_2 instances:   1
  Class: EZ_sky130_fd_sc_hd__nor2_4 instances:   1
  Class: EZ_sky130_fd_sc_hd__inv_2 instances:   7
  Class: EZ_sky130_fd_sc_hd__nor2_8 instances:   1
  Class: EZ_sky130_fd_sc_hd__a41o_1 instances:   1
  Class: EZ_sky130_fd_sc_hd__a41o_4 instances:   1
  Class: EZ_sky130_fd_sc_hd__a31o_1 instances:   5
  Class: EZ_sky130_fd_sc_hd__a31o_2 instances:   1
  Class: EZ_sky130_fd_sc_hd__o32a_1 instances:   1
  Class: EZ_sky130_fd_sc_hd__a31o_4 instances:   1
  Class: EZ_sky130_fd_sc_hd__a21o_1 instances:   2
  Class: EZ_sky130_fd_sc_hd__or3_4 instances:   1
  Class: EZ_sky130_fd_sc_hd__a41oi_4 instances:   1
  Class: EZ_sky130_fd_sc_hd__dlygate4sd3_1 instances: 218
  Class: EZ_sky130_fd_sc_hd__o21ai_1 instances:   1
  Class: EZ_sky130_fd_sc_hd__a21oi_1 instances:  11
  Class: EZ_sky130_fd_sc_hd__a21oi_4 instances:   2
  Class: EZ_sky130_fd_sc_hd__xor2_1 instances:   3
  Class: EZ_sky130_fd_sc_hd__nand2b_1 instances:   3
  Class: EZ_sky130_fd_sc_hd__or3b_2 instances:   1
  Class: EZ_sky130_fd_sc_hd__or3b_4 instances:   7
  Class: EZ_sky130_fd_sc_hd__and4_1 instances:   3
  Class: EZ_sky130_fd_sc_hd__clkbuf_16 instances:   5
  Class: EZ_sky130_fd_sc_hd__and4_2 instances:   3
  Class: EZ_sky130_fd_sc_hd__and4_4 instances:   1
  Class: EZ_sky130_fd_sc_hd__o31a_1 instances:   1
  Class: EZ_sky130_fd_sc_hd__o21a_1 instances:   2
  Class: EZ_sky130_fd_sc_hd__o2bb2a_1 instances:   3
  Class: EZ_sky130_fd_sc_hd__or2_1 instances:   2
  Class: EZ_sky130_fd_sc_hd__or2_2 instances:   1
  Class: EZ_sky130_fd_sc_hd__dfxtp_1 instances:  13
  Class: EZ_sky130_fd_sc_hd__dfxtp_2 instances:   5
  Class: EZ_sky130_fd_sc_hd__dfxtp_4 instances:  15
  Class: EZ_sky130_fd_sc_hd__o31ai_1 instances:   1
  Class: EZ_sky130_fd_sc_hd__a31oi_1 instances:   1
  Class: EZ_sky130_fd_sc_hd__nand4_2 instances:   1
  Class: EZ_sky130_fd_sc_hd__and3b_1 instances:   1
  Class: EZ_sky130_fd_sc_hd__and3b_4 instances:   2
Circuit contains 910 nets.
Contents of circuit 2:  Circuit: 'user_proj_example'
Circuit user_proj_example contains 720 device instances.
  Class: EZ_sky130_fd_sc_hd__and3_1 instances:   6
  Class: EZ_sky130_fd_sc_hd__and2b_1 instances:   2
  Class: EZ_sky130_fd_sc_hd__and2b_2 instances:   1
  Class: EZ_sky130_fd_sc_hd__a21bo_1 instances:   1
  Class: EZ_sky130_fd_sc_hd__and2_1 instances:   3
  Class: EZ_sky130_fd_sc_hd__and2_2 instances:   2
  Class: EZ_sky130_fd_sc_hd__and2_4 instances:   2
  Class: EZ_sky130_fd_sc_hd__decap_3 instances:   1
  Class: EZ_sky130_fd_sc_hd__clkbuf_1 instances:  14
  Class: EZ_sky130_fd_sc_hd__clkbuf_2 instances:   1
  Class: EZ_sky130_fd_sc_hd__clkbuf_4 instances:  17
  Class: EZ_sky130_fd_sc_hd__clkbuf_8 instances:   9
  Class: EZ_sky130_fd_sc_hd__nand2_1 instances:   5
  Class: EZ_sky130_fd_sc_hd__nand2_2 instances:   1
  Class: EZ_sky130_fd_sc_hd__nand2_8 instances:   2
  Class: EZ_sky130_fd_sc_hd__conb_1 instances: 131
  Class: EZ_sky130_fd_sc_hd__buf_12 instances:  81
  Class: EZ_sky130_fd_sc_hd__a21boi_1 instances:   1
  Class: EZ_sky130_fd_sc_hd__o211ai_4 instances:   1
  Class: EZ_sky130_ef_sc_hd__decap_40_12 instances:   1
  Class: EZ_sky130_fd_sc_hd__a32o_1 instances:   3
  Class: EZ_sky130_fd_sc_hd__a32o_4 instances:   1
  Class: EZ_sky130_fd_sc_hd__a22o_1 instances:   7
  Class: EZ_sky130_fd_sc_hd__xnor2_1 instances:   3
  Class: EZ_sky130_fd_sc_hd__xnor2_2 instances:   1
  Class: EZ_sky130_fd_sc_hd__buf_1 instances:  35
  Class: EZ_sky130_fd_sc_hd__buf_2 instances:   2
  Class: EZ_sky130_fd_sc_hd__buf_4 instances:  18
  Class: EZ_sky130_fd_sc_hd__buf_6 instances:   3
  Class: EZ_sky130_fd_sc_hd__buf_8 instances:   2
  Class: EZ_sky130_fd_sc_hd__o211a_1 instances:   1
  Class: EZ_sky130_fd_sc_hd__mux2_1 instances:  17
  Class: EZ_sky130_fd_sc_hd__a221o_1 instances:   1
  Class: EZ_sky130_fd_sc_hd__nand3b_4 instances:   1
  Class: EZ_sky130_fd_sc_hd__a211o_1 instances:   8
  Class: EZ_sky130_fd_sc_hd__nor2_1 instances:   5
  Class: EZ_sky130_fd_sc_hd__nor2_2 instances:   1
  Class: EZ_sky130_fd_sc_hd__nor2_4 instances:   1
  Class: EZ_sky130_fd_sc_hd__inv_2 instances:   7
  Class: EZ_sky130_fd_sc_hd__nor2_8 instances:   1
  Class: EZ_sky130_fd_sc_hd__a41o_1 instances:   1
  Class: EZ_sky130_fd_sc_hd__a41o_4 instances:   1
  Class: EZ_sky130_fd_sc_hd__a31o_1 instances:   5
  Class: EZ_sky130_fd_sc_hd__a31o_2 instances:   1
  Class: EZ_sky130_fd_sc_hd__o32a_1 instances:   1
  Class: EZ_sky130_fd_sc_hd__a31o_4 instances:   1
  Class: EZ_sky130_fd_sc_hd__a21o_1 instances:   2
  Class: EZ_sky130_fd_sc_hd__or3_4 instances:   1
  Class: EZ_sky130_fd_sc_hd__a41oi_4 instances:   1
  Class: EZ_sky130_fd_sc_hd__dlygate4sd3_1 instances: 218
  Class: EZ_sky130_fd_sc_hd__o21ai_1 instances:   1
  Class: EZ_sky130_fd_sc_hd__a21oi_1 instances:  11
  Class: EZ_sky130_fd_sc_hd__a21oi_4 instances:   2
  Class: EZ_sky130_fd_sc_hd__xor2_1 instances:   3
  Class: EZ_sky130_fd_sc_hd__nand2b_1 instances:   3
  Class: EZ_sky130_fd_sc_hd__or3b_2 instances:   1
  Class: EZ_sky130_fd_sc_hd__or3b_4 instances:   7
  Class: EZ_sky130_fd_sc_hd__and4_1 instances:   3
  Class: EZ_sky130_fd_sc_hd__clkbuf_16 instances:   5
  Class: EZ_sky130_fd_sc_hd__and4_2 instances:   3
  Class: EZ_sky130_fd_sc_hd__and4_4 instances:   1
  Class: EZ_sky130_fd_sc_hd__o31a_1 instances:   1
  Class: EZ_sky130_fd_sc_hd__o21a_1 instances:   2
  Class: EZ_sky130_fd_sc_hd__o2bb2a_1 instances:   3
  Class: EZ_sky130_fd_sc_hd__or2_1 instances:   2
  Class: EZ_sky130_fd_sc_hd__or2_2 instances:   1
  Class: EZ_sky130_fd_sc_hd__dfxtp_1 instances:  13
  Class: EZ_sky130_fd_sc_hd__dfxtp_2 instances:   5
  Class: EZ_sky130_fd_sc_hd__dfxtp_4 instances:  15
  Class: EZ_sky130_fd_sc_hd__o31ai_1 instances:   1
  Class: EZ_sky130_fd_sc_hd__a31oi_1 instances:   1
  Class: EZ_sky130_fd_sc_hd__nand4_2 instances:   1
  Class: EZ_sky130_fd_sc_hd__and3b_1 instances:   1
  Class: EZ_sky130_fd_sc_hd__and3b_4 instances:   2
Circuit contains 910 nets.

Circuit 1 contains 720 devices, Circuit 2 contains 720 devices.
Circuit 1 contains 910 nets,    Circuit 2 contains 910 nets.


Contents of circuit 1:  Circuit: 'user_project_wrapper'
Circuit user_project_wrapper contains 1 device instances.
  Class: user_proj_example     instances:   1
Circuit contains 257 nets.
Contents of circuit 2:  Circuit: 'user_project_wrapper'
Circuit user_project_wrapper contains 1 device instances.
  Class: user_proj_example     instances:   1
Circuit contains 257 nets.

Circuit 1 contains 1 devices, Circuit 2 contains 1 devices.
Circuit 1 contains 257 nets,    Circuit 2 contains 257 nets.


Final result: 
Circuits match uniquely.
.
Logging to file "/tmp/tmpw2hdigq5/repo/precheck_results/13_APR_2026___10_21_44/tmp/soft.report" disabled
LVS Done.
END: Mon Apr 13 10:57:51 2026
Runtime: 0:00:23 (hh:mm:ss)
